<?xml version="1.0" encoding="UTF-8"?>
<!-- Generated by org.testng.reporters.JUnitReportReporter -->
<testsuite skipped="0" hostname="DESKTOP-LDS4O3B" name="pagefactory.Execution" tests="1" failures="0" timestamp="05 Apr 2019 13:47:39 GMT" time="7.248" errors="0">
  <testcase name="main" time="7.248" classname="pagefactory.Execution"/>
</testsuite> <!-- pagefactory.Execution -->
